Arguments: 
  /Users/fargo/.nvm/versions/node/v19.9.0/bin/node /Users/fargo/.nvm/versions/node/v19.9.0/bin/yarn init --typescript

PATH: 
  /Users/fargo/.pyenv/shims:/Users/fargo/.rvm/gems/ruby-3.0.0/bin:/Users/fargo/.rvm/gems/ruby-3.0.0@global/bin:/Users/fargo/.rvm/rubies/ruby-3.0.0/bin:/Users/fargo/.nvm/versions/node/v19.9.0/bin:/usr/bin:/usr/local/bin:/usr/bin:/bin:/usr/sbin:/sbin:/Users/fargo/Development/flutter/bin:/Applications/VMware Fusion.app/Contents/Public:/usr/local/go/bin:/Library/Apple/usr/bin:/Users/fargo/Downloads/flutter/bin:/Users/fargo/.rvm/bin:/Users/fargo/.rvm/bin

Yarn version: 
  1.22.19

Node version: 
  19.9.0

Platform: 
  darwin x64

Trace: 
  Error: canceled
      at Interface.<anonymous> (/Users/fargo/.nvm/versions/node/v19.9.0/lib/node_modules/yarn/lib/cli.js:137150:13)
      at Interface.emit (node:events:513:28)
      at [_ttyWrite] [as _ttyWrite] (node:internal/readline/interface:1132:18)
      at ReadStream.onkeypress (node:internal/readline/interface:271:20)
      at ReadStream.emit (node:events:513:28)
      at emitKeys (node:internal/readline/utils:357:14)
      at emitKeys.next (<anonymous>)
      at ReadStream.onData (node:internal/readline/emitKeypressEvents:64:36)
      at ReadStream.emit (node:events:513:28)
      at addChunk (node:internal/streams/readable:324:12)

npm manifest: 
  No manifest

yarn manifest: 
  No manifest

Lockfile: 
  No lockfile
